<?xml version="1.0" encoding="UTF-8"?>
<!-- Generated by org.testng.reporters.JUnitReportReporter -->
<testsuite hostname="Avanish" failures="0" tests="1" name="qwerty.MainTest" time="0.013" errors="0" timestamp="2024-06-07T15:36:09 IST" skipped="0">
  <testcase classname="qwerty.MainTest" name="mTest" time="0.013"/>
  <system-out/>
</testsuite> <!-- qwerty.MainTest -->
